Using pre-set license
Built from '2022.3/staging' branch; Version is '2022.3.11f1 (d00248457e15) revision 13632072'; Using compiler version '192829333'; Build Type 'Release'
OS: 'Windows 11  (10.0.22631) 64bit Enterprise' Language: 'en' Physical Memory: 32486 MB
BatchMode: 1, IsHumanControllingUs: 0, StartBugReporterOnCrash: 0, Is64bit: 1, IsPro: 1

COMMAND LINE ARGUMENTS:
C:\Program Files\Unity\Hub\Editor\2022.3.11f1\Editor\Unity.exe
-adb2
-batchMode
-noUpm
-name
AssetImportWorker2
-projectPath
C:/Users/KadenWinn/Downloads/UnityProjects/unity/lunchable
-logFile
Logs/AssetImportWorker2.log
-srvPort
57183
Successfully changed project path to: C:/Users/KadenWinn/Downloads/UnityProjects/unity/lunchable
C:/Users/KadenWinn/Downloads/UnityProjects/unity/lunchable
[UnityMemory] Configuration Parameters - Can be set up in boot.config
    "memorysetup-bucket-allocator-granularity=16"
    "memorysetup-bucket-allocator-bucket-count=8"
    "memorysetup-bucket-allocator-block-size=33554432"
    "memorysetup-bucket-allocator-block-count=8"
    "memorysetup-main-allocator-block-size=16777216"
    "memorysetup-thread-allocator-block-size=16777216"
    "memorysetup-gfx-main-allocator-block-size=16777216"
    "memorysetup-gfx-thread-allocator-block-size=16777216"
    "memorysetup-cache-allocator-block-size=4194304"
    "memorysetup-typetree-allocator-block-size=2097152"
    "memorysetup-profiler-bucket-allocator-granularity=16"
    "memorysetup-profiler-bucket-allocator-bucket-count=8"
    "memorysetup-profiler-bucket-allocator-block-size=33554432"
    "memorysetup-profiler-bucket-allocator-block-count=8"
    "memorysetup-profiler-allocator-block-size=16777216"
    "memorysetup-profiler-editor-allocator-block-size=1048576"
    "memorysetup-temp-allocator-size-main=16777216"
    "memorysetup-job-temp-allocator-block-size=2097152"
    "memorysetup-job-temp-allocator-block-size-background=1048576"
    "memorysetup-job-temp-allocator-reduction-small-platforms=262144"
    "memorysetup-allocator-temp-initial-block-size-main=262144"
    "memorysetup-allocator-temp-initial-block-size-worker=262144"
    "memorysetup-temp-allocator-size-background-worker=32768"
    "memorysetup-temp-allocator-size-job-worker=262144"
    "memorysetup-temp-allocator-size-preload-manager=33554432"
    "memorysetup-temp-allocator-size-nav-mesh-worker=65536"
    "memorysetup-temp-allocator-size-audio-worker=65536"
    "memorysetup-temp-allocator-size-cloud-worker=32768"
    "memorysetup-temp-allocator-size-gi-baking-worker=262144"
    "memorysetup-temp-allocator-size-gfx=262144"
Player connection [24664] Host "[IP] 10.5.5.18 [Port] 0 [Flags] 2 [Guid] 2344950667 [EditorId] 2344950667 [Version] 1048832 [Id] WindowsEditor(7,SD-8K9G2Z3) [Debug] 1 [PackageName] WindowsEditor [ProjectName] Editor" joined multi-casting on [225.0.0.222:54997]...

Player connection [24664] Host "[IP] 10.5.5.18 [Port] 0 [Flags] 2 [Guid] 2344950667 [EditorId] 2344950667 [Version] 1048832 [Id] WindowsEditor(7,SD-8K9G2Z3) [Debug] 1 [PackageName] WindowsEditor [ProjectName] Editor" joined alternative multi-casting on [225.0.0.222:34997]...

[Physics::Module] Initialized MultithreadedJobDispatcher with 23 workers.
Refreshing native plugins compatible for Editor in 5.22 ms, found 3 plugins.
Preloading 0 native plugins for Editor in 0.00 ms.
Initialize engine version: 2022.3.11f1 (d00248457e15)
[Subsystems] Discovering subsystems at path C:/Program Files/Unity/Hub/Editor/2022.3.11f1/Editor/Data/Resources/UnitySubsystems
[Subsystems] Discovering subsystems at path C:/Users/KadenWinn/Downloads/UnityProjects/unity/lunchable/Assets
GfxDevice: creating device client; threaded=0; jobified=0
Direct3D:
    Version:  Direct3D 11.0 [level 11.1]
    Renderer: NVIDIA GeForce RTX 4060 Ti (ID=0x2803)
    Vendor:   NVIDIA
    VRAM:     7949 MB
    Driver:   32.0.15.5612
Initialize mono
Mono path[0] = 'C:/Program Files/Unity/Hub/Editor/2022.3.11f1/Editor/Data/Managed'
Mono path[1] = 'C:/Program Files/Unity/Hub/Editor/2022.3.11f1/Editor/Data/MonoBleedingEdge/lib/mono/unityjit-win32'
Mono config path = 'C:/Program Files/Unity/Hub/Editor/2022.3.11f1/Editor/Data/MonoBleedingEdge/etc'
Using monoOptions --debugger-agent=transport=dt_socket,embedding=1,server=y,suspend=n,address=127.0.0.1:56464
Begin MonoManager ReloadAssembly
Registering precompiled unity dll's ...
Register platform support module: C:/Program Files/Unity/Hub/Editor/2022.3.11f1/Editor/Data/PlaybackEngines/WindowsStandaloneSupport/UnityEditor.WindowsStandalone.Extensions.dll
Registered in 0.003578 seconds.
- Loaded All Assemblies, in  0.196 seconds
Native extension for WindowsStandalone target not found
Mono: successfully reloaded assembly
- Finished resetting the current domain, in  0.148 seconds
Domain Reload Profiling: 343ms
	BeginReloadAssembly (60ms)
		ExecutionOrderSort (0ms)
		DisableScriptedObjects (0ms)
		BackupInstance (0ms)
		ReleaseScriptingObjects (0ms)
		CreateAndSetChildDomain (0ms)
	RebuildCommonClasses (19ms)
	RebuildNativeTypeToScriptingClass (6ms)
	initialDomainReloadingComplete (31ms)
	LoadAllAssembliesAndSetupDomain (79ms)
		LoadAssemblies (59ms)
		RebuildTransferFunctionScriptingTraits (0ms)
		AnalyzeDomain (78ms)
			TypeCache.Refresh (77ms)
				TypeCache.ScanAssembly (69ms)
			ScanForSourceGeneratedMonoScriptInfo (0ms)
			ResolveRequiredComponents (0ms)
	FinalizeReload (149ms)
		ReleaseScriptCaches (0ms)
		RebuildScriptCaches (0ms)
		SetupLoadedEditorAssemblies (115ms)
			LogAssemblyErrors (0ms)
			InitializePlatformSupportModulesInManaged (5ms)
			SetLoadedEditorAssemblies (4ms)
			RefreshPlugins (0ms)
			BeforeProcessingInitializeOnLoad (1ms)
			ProcessInitializeOnLoadAttributes (75ms)
			ProcessInitializeOnLoadMethodAttributes (29ms)
			AfterProcessingInitializeOnLoad (0ms)
			EditorAssembliesLoaded (0ms)
		ExecutionOrderSort2 (0ms)
		AwakeInstancesAfterBackupRestoration (0ms)
========================================================================
Worker process is ready to serve import requests
Begin MonoManager ReloadAssembly
- Loaded All Assemblies, in  0.352 seconds
Refreshing native plugins compatible for Editor in 1.77 ms, found 3 plugins.
Native extension for WindowsStandalone target not found
Package Manager log level set to [2]
[Package Manager] Server::EnsureServerProcessIsRunning -- launch failed, reason: Unity was launched with the -noUpm command-line argument
[Package Manager] UpmClient::Send -- Unable to send message (not connected to UPM process).
[Package Manager] Cannot connect to Unity Package Manager local server
Mono: successfully reloaded assembly
- Finished resetting the current domain, in  0.355 seconds
Domain Reload Profiling: 706ms
	BeginReloadAssembly (85ms)
		ExecutionOrderSort (0ms)
		DisableScriptedObjects (3ms)
		BackupInstance (0ms)
		ReleaseScriptingObjects (0ms)
		CreateAndSetChildDomain (11ms)
	RebuildCommonClasses (19ms)
	RebuildNativeTypeToScriptingClass (6ms)
	initialDomainReloadingComplete (24ms)
	LoadAllAssembliesAndSetupDomain (218ms)
		LoadAssemblies (165ms)
		RebuildTransferFunctionScriptingTraits (0ms)
		AnalyzeDomain (103ms)
			TypeCache.Refresh (91ms)
				TypeCache.ScanAssembly (83ms)
			ScanForSourceGeneratedMonoScriptInfo (9ms)
			ResolveRequiredComponents (2ms)
	FinalizeReload (356ms)
		ReleaseScriptCaches (0ms)
		RebuildScriptCaches (0ms)
		SetupLoadedEditorAssemblies (271ms)
			LogAssemblyErrors (0ms)
			InitializePlatformSupportModulesInManaged (3ms)
			SetLoadedEditorAssemblies (3ms)
			RefreshPlugins (0ms)
			BeforeProcessingInitializeOnLoad (35ms)
			ProcessInitializeOnLoadAttributes (213ms)
			ProcessInitializeOnLoadMethodAttributes (14ms)
			AfterProcessingInitializeOnLoad (4ms)
			EditorAssembliesLoaded (0ms)
		ExecutionOrderSort2 (0ms)
		AwakeInstancesAfterBackupRestoration (5ms)
Launched and connected shader compiler UnityShaderCompiler.exe after 0.02 seconds
Refreshing native plugins compatible for Editor in 1.72 ms, found 3 plugins.
Preloading 0 native plugins for Editor in 0.00 ms.
Unloading 3091 Unused Serialized files (Serialized files now loaded: 0)
Unloading 32 unused Assets / (56.8 KB). Loaded Objects now: 3552.
Memory consumption went from 121.5 MB to 121.5 MB.
Total: 1.878700 ms (FindLiveObjects: 0.138800 ms CreateObjectMapping: 0.042600 ms MarkObjects: 1.625000 ms  DeleteObjects: 0.071400 ms)

AssetImportParameters requested are different than current active one (requested -> active):
  custom:container-demuxer-ogg: 62fdf1f143b41e24485cea50d1cbac27 -> 
  custom:video-codec-MediaFoundation-h265: 746d11721c4dcdbdad8f713fa42b33f4 -> 
  custom:video-decoder-ogg-theora: a1e56fd34408186e4bbccfd4996cb3dc -> 
  custom:framework-win-MediaFoundation: 216162199b28c13a410421893ffa2e32 -> 
  custom:container-demuxer-webm: 4f35f7cbe854078d1ac9338744f61a02 -> 
  custom:container-muxer-webm: aa71ff27fc2769a1b78a27578f13a17b -> 
  custom:video-decoder-webm-vp8: 9c59270c3fd7afecdb556c50c9e8de78 -> 
  custom:AudioImporter_EditorPlatform: d09bf68614088b80899f8185d706f6e7 -> 
  custom:video-encoder-webm-vp8: eb34c28f22e8b96e1ab97ce403110664 -> 
  custom:audio-decoder-ogg-vorbis: bf7c407c2cedff20999df2af8eb42d56 -> 
  custom:audio-encoder-webm-vorbis: bf7c407c2cedff20999df2af8eb42d56 -> 
========================================================================
Received Import Request.
  Time since last request: 82144.208602 seconds.
  path: Assets/Materials/trump/hands.mat
  artifactKey: Guid(2e8dfeae377944546a5b48eb814a4f3e) Importer(815301076,1909f56bfc062723c751e8b465ee728b)
Start importing Assets/Materials/trump/hands.mat using Guid(2e8dfeae377944546a5b48eb814a4f3e) Importer(815301076,1909f56bfc062723c751e8b465ee728b)  -> (artifact id: 'f54a9acf59314262eebcc9f65b2b39a0') in 0.060750 seconds
Number of updated asset objects reloaded before import = 0
Number of asset objects unloaded after import = 2
========================================================================
Received Import Request.
  Time since last request: 0.000017 seconds.
  path: Assets/Materials/trump/tie.mat
  artifactKey: Guid(9bde1dd9e5482634ba14f120eb33caa5) Importer(815301076,1909f56bfc062723c751e8b465ee728b)
Start importing Assets/Materials/trump/tie.mat using Guid(9bde1dd9e5482634ba14f120eb33caa5) Importer(815301076,1909f56bfc062723c751e8b465ee728b)  -> (artifact id: 'dcc54731c57c2cb6d5d86abefbe5d398') in 0.004910 seconds
Number of updated asset objects reloaded before import = 0
Number of asset objects unloaded after import = 2
========================================================================
Received Import Request.
  Time since last request: 0.000038 seconds.
  path: Assets/Materials/trump/face.mat
  artifactKey: Guid(e5bb56cb10630bf418218ae6e35471d1) Importer(815301076,1909f56bfc062723c751e8b465ee728b)
Start importing Assets/Materials/trump/face.mat using Guid(e5bb56cb10630bf418218ae6e35471d1) Importer(815301076,1909f56bfc062723c751e8b465ee728b)  -> (artifact id: 'ab9f22e9205edd8739f08c4cff5a379d') in 0.004625 seconds
Number of updated asset objects reloaded before import = 0
Number of asset objects unloaded after import = 2
========================================================================
Received Import Request.
  Time since last request: 0.000070 seconds.
  path: Assets/Materials/trump/hair.mat
  artifactKey: Guid(64a503277972e824b9b6efa48a6a2c50) Importer(815301076,1909f56bfc062723c751e8b465ee728b)
Start importing Assets/Materials/trump/hair.mat using Guid(64a503277972e824b9b6efa48a6a2c50) Importer(815301076,1909f56bfc062723c751e8b465ee728b)  -> (artifact id: '6fba27ff33c4212eae8bba7fd7ca952e') in 0.005668 seconds
Number of updated asset objects reloaded before import = 0
Number of asset objects unloaded after import = 2
========================================================================
Received Import Request.
  Time since last request: 0.000036 seconds.
  path: Assets/Materials/trump/cloth.mat
  artifactKey: Guid(de31ebeb24e5c7044a9efec5ce399a0e) Importer(815301076,1909f56bfc062723c751e8b465ee728b)
Start importing Assets/Materials/trump/cloth.mat using Guid(de31ebeb24e5c7044a9efec5ce399a0e) Importer(815301076,1909f56bfc062723c751e8b465ee728b)  -> (artifact id: 'be8cad82bf7ff658a2def255788d8311') in 0.004532 seconds
Number of updated asset objects reloaded before import = 0
Number of asset objects unloaded after import = 2
========================================================================
Received Import Request.
  Time since last request: 0.000026 seconds.
  path: Assets/Materials/trump/eyes.mat
  artifactKey: Guid(67c49dd78da88f54b8d6315d84a23b09) Importer(815301076,1909f56bfc062723c751e8b465ee728b)
Start importing Assets/Materials/trump/eyes.mat using Guid(67c49dd78da88f54b8d6315d84a23b09) Importer(815301076,1909f56bfc062723c751e8b465ee728b)  -> (artifact id: '80f83b77b88a712bb018401a38a7676f') in 0.007247 seconds
Number of updated asset objects reloaded before import = 0
Number of asset objects unloaded after import = 2
========================================================================
Received Prepare
Refreshing native plugins compatible for Editor in 3.52 ms, found 3 plugins.
Preloading 0 native plugins for Editor in 0.00 ms.
Unloading 0 Unused Serialized files (Serialized files now loaded: 0)
Unloading 1 unused Assets / (0.8 KB). Loaded Objects now: 3594.
Memory consumption went from 77.3 MB to 77.3 MB.
Total: 3.568500 ms (FindLiveObjects: 0.244000 ms CreateObjectMapping: 0.075600 ms MarkObjects: 3.223000 ms  DeleteObjects: 0.024700 ms)

Prepare: number of updated asset objects reloaded= 0
AssetImportParameters requested are different than current active one (requested -> active):
  custom:container-demuxer-ogg: 62fdf1f143b41e24485cea50d1cbac27 -> 
  custom:video-codec-MediaFoundation-h265: 746d11721c4dcdbdad8f713fa42b33f4 -> 
  custom:video-decoder-ogg-theora: a1e56fd34408186e4bbccfd4996cb3dc -> 
  custom:framework-win-MediaFoundation: 216162199b28c13a410421893ffa2e32 -> 
  custom:CustomObjectIndexerAttribute: 756ad292c208cfabdd7b50bc23989ffe -> 
  custom:container-demuxer-webm: 4f35f7cbe854078d1ac9338744f61a02 -> 
  custom:container-muxer-webm: aa71ff27fc2769a1b78a27578f13a17b -> 
  custom:video-decoder-webm-vp8: 9c59270c3fd7afecdb556c50c9e8de78 -> 
  custom:SearchIndexIgnoredProperties: e643bd26f0fe6173181afceb89e7c659 -> 
  custom:AudioImporter_EditorPlatform: d09bf68614088b80899f8185d706f6e7 -> 
  custom:video-encoder-webm-vp8: eb34c28f22e8b96e1ab97ce403110664 -> 
  custom:audio-decoder-ogg-vorbis: bf7c407c2cedff20999df2af8eb42d56 -> 
  custom:audio-encoder-webm-vorbis: bf7c407c2cedff20999df2af8eb42d56 -> 
========================================================================
Received Import Request.
  Time since last request: 255.415821 seconds.
  path: Assets/models/Trump.obj
  artifactKey: Guid(2c222cbebb056a6438c9f137470320fd) Importer(815301076,1909f56bfc062723c751e8b465ee728b)
Start importing Assets/models/Trump.obj using Guid(2c222cbebb056a6438c9f137470320fd) Importer(815301076,1909f56bfc062723c751e8b465ee728b)  -> (artifact id: '4fd94d39460233c8e2e7897c84c0fece') in 0.189494 seconds
Number of updated asset objects reloaded before import = 0
Number of asset objects unloaded after import = 197
========================================================================
Received Import Request.
  Time since last request: 339.823034 seconds.
  path: Assets/models/TRUMP.fbx
  artifactKey: Guid(8b296402f2091b04aa633fd7c1d92c1e) Importer(815301076,1909f56bfc062723c751e8b465ee728b)
Start importing Assets/models/TRUMP.fbx using Guid(8b296402f2091b04aa633fd7c1d92c1e) Importer(815301076,1909f56bfc062723c751e8b465ee728b)  -> (artifact id: 'd0fff56b36558f6f3b7a20ff2c4610c0') in 0.027325 seconds
Number of updated asset objects reloaded before import = 0
Number of asset objects unloaded after import = 22
========================================================================
Received Import Request.
  Time since last request: 42.750638 seconds.
  path: Assets/Textures/trumpstat
  artifactKey: Guid(077b85e62b71b084781c5ad322501bf0) Importer(815301076,1909f56bfc062723c751e8b465ee728b)
Start importing Assets/Textures/trumpstat using Guid(077b85e62b71b084781c5ad322501bf0) Importer(815301076,1909f56bfc062723c751e8b465ee728b)  -> (artifact id: '4632f72c40a8887dcd1921451788aaf5') in 0.000760 seconds
Number of updated asset objects reloaded before import = 0
Number of asset objects unloaded after import = 0
========================================================================
Received Import Request.
  Time since last request: 6.174699 seconds.
  path: Assets/Textures/trumpstat/Donald_Trump_TEX_001.tga.png
  artifactKey: Guid(30216d09fbe4fdd4590b32ecdfe05db4) Importer(815301076,1909f56bfc062723c751e8b465ee728b)
Start importing Assets/Textures/trumpstat/Donald_Trump_TEX_001.tga.png using Guid(30216d09fbe4fdd4590b32ecdfe05db4) Importer(815301076,1909f56bfc062723c751e8b465ee728b)  -> (artifact id: 'bf5009d2f736f24f99b4dfde65d7968f') in 0.018908 seconds
Number of updated asset objects reloaded before import = 0
Number of asset objects unloaded after import = 2
========================================================================
Received Import Request.
  Time since last request: 0.000040 seconds.
  path: Assets/Textures/trumpstat/STAND.tga.png
  artifactKey: Guid(0cbf88015ea38af44ba76bbe9e3844bf) Importer(815301076,1909f56bfc062723c751e8b465ee728b)
Start importing Assets/Textures/trumpstat/STAND.tga.png using Guid(0cbf88015ea38af44ba76bbe9e3844bf) Importer(815301076,1909f56bfc062723c751e8b465ee728b)  -> (artifact id: 'e9b7fa1f0b44cb81286e350a411d8263') in 0.011655 seconds
Number of updated asset objects reloaded before import = 0
Number of asset objects unloaded after import = 2
========================================================================
Received Import Request.
  Time since last request: 0.000052 seconds.
  path: Assets/Textures/trumpstat/Donald_Trump_TEX_R.tga.png
  artifactKey: Guid(0b46089c07c3e304986ef8b05490ae95) Importer(815301076,1909f56bfc062723c751e8b465ee728b)
Start importing Assets/Textures/trumpstat/Donald_Trump_TEX_R.tga.png using Guid(0b46089c07c3e304986ef8b05490ae95) Importer(815301076,1909f56bfc062723c751e8b465ee728b)  -> (artifact id: '68f87476b300f4ea46d4eef7858eb4a2') in 0.012014 seconds
Number of updated asset objects reloaded before import = 0
Number of asset objects unloaded after import = 2
========================================================================
Received Import Request.
  Time since last request: 0.000056 seconds.
  path: Assets/Textures/trumpstat/NMR.tga.png
  artifactKey: Guid(891bcf061c8298c4d94f43c3765c9234) Importer(815301076,1909f56bfc062723c751e8b465ee728b)
Start importing Assets/Textures/trumpstat/NMR.tga.png using Guid(891bcf061c8298c4d94f43c3765c9234) Importer(815301076,1909f56bfc062723c751e8b465ee728b)  -> (artifact id: 'bd1dc3376d4f117508e3fe9d1c207a12') in 0.014101 seconds
Number of updated asset objects reloaded before import = 0
Number of asset objects unloaded after import = 2
========================================================================
Received Import Request.
  Time since last request: 75.180326 seconds.
  path: Assets/models/TRUMP.fbx
  artifactKey: Guid(8b296402f2091b04aa633fd7c1d92c1e) Importer(815301076,1909f56bfc062723c751e8b465ee728b)
Start importing Assets/models/TRUMP.fbx using Guid(8b296402f2091b04aa633fd7c1d92c1e) Importer(815301076,1909f56bfc062723c751e8b465ee728b)  -> (artifact id: '806da2a81b1b94b09a5e2f624cd0ef95') in 0.247781 seconds
Number of updated asset objects reloaded before import = 0
Number of asset objects unloaded after import = 22
========================================================================
Received Import Request.
  Time since last request: 9.331449 seconds.
  path: Assets/Materials/lambert2.mat
  artifactKey: Guid(3a8f941cab7faac41a4f58f2deaca197) Importer(815301076,1909f56bfc062723c751e8b465ee728b)
Start importing Assets/Materials/lambert2.mat using Guid(3a8f941cab7faac41a4f58f2deaca197) Importer(815301076,1909f56bfc062723c751e8b465ee728b)  -> (artifact id: '04d99f8f876b389a8f7523fec664ef8e') in 0.004874 seconds
Number of updated asset objects reloaded before import = 0
Number of asset objects unloaded after import = 1
========================================================================
Received Import Request.
  Time since last request: 0.000076 seconds.
  path: Assets/Materials/lambert3.mat
  artifactKey: Guid(d19c210d3e273bd4399b03c9761e7fda) Importer(815301076,1909f56bfc062723c751e8b465ee728b)
Start importing Assets/Materials/lambert3.mat using Guid(d19c210d3e273bd4399b03c9761e7fda) Importer(815301076,1909f56bfc062723c751e8b465ee728b)  -> (artifact id: '9df27e0e3222a3bcf28e4de050814563') in 0.004065 seconds
Number of updated asset objects reloaded before import = 0
Number of asset objects unloaded after import = 1
========================================================================
Received Import Request.
  Time since last request: 429.248055 seconds.
  path: Assets/source
  artifactKey: Guid(43512a41e7a283c4a971ed457afda8e2) Importer(815301076,1909f56bfc062723c751e8b465ee728b)
Start importing Assets/source using Guid(43512a41e7a283c4a971ed457afda8e2) Importer(815301076,1909f56bfc062723c751e8b465ee728b)  -> (artifact id: '3624359db24f8a2113ca7edeb0c875a2') in 0.000635 seconds
Number of updated asset objects reloaded before import = 0
Number of asset objects unloaded after import = 0
========================================================================
Received Import Request.
  Time since last request: 1.097530 seconds.
  path: Assets/source/Kargeth_Model.zip
  artifactKey: Guid(7d4a27585fa370349abe88d801679cd4) Importer(815301076,1909f56bfc062723c751e8b465ee728b)
Start importing Assets/source/Kargeth_Model.zip using Guid(7d4a27585fa370349abe88d801679cd4) Importer(815301076,1909f56bfc062723c751e8b465ee728b)  -> (artifact id: '8483d7e8b92a1a5d273ca1340d2e631e') in 0.000779 seconds
Number of updated asset objects reloaded before import = 0
Number of asset objects unloaded after import = 1
========================================================================
Received Import Request.
  Time since last request: 11.873039 seconds.
  path: Assets/Scenes
  artifactKey: Guid(2bba2d747ccc99f4baf74db9c00f1a22) Importer(815301076,1909f56bfc062723c751e8b465ee728b)
Start importing Assets/Scenes using Guid(2bba2d747ccc99f4baf74db9c00f1a22) Importer(815301076,1909f56bfc062723c751e8b465ee728b)  -> (artifact id: '77f8af5bd804360534bc7ca9211c0954') in 0.000432 seconds
Number of updated asset objects reloaded before import = 0
Number of asset objects unloaded after import = 0
========================================================================
Received Import Request.
  Time since last request: 5.848060 seconds.
  path: Assets/textures 1
  artifactKey: Guid(a2a2d8063560cb042a64a9ee0e71d240) Importer(815301076,1909f56bfc062723c751e8b465ee728b)
Start importing Assets/textures 1 using Guid(a2a2d8063560cb042a64a9ee0e71d240) Importer(815301076,1909f56bfc062723c751e8b465ee728b)  -> (artifact id: '9cfbcd8a94dafe7b96ff4f4bba0dc3ac') in 0.000313 seconds
Number of updated asset objects reloaded before import = 0
Number of asset objects unloaded after import = 0
========================================================================
Received Import Request.
  Time since last request: 0.056056 seconds.
  path: Assets/textures 1/gltf_embedded_0.png
  artifactKey: Guid(97181023d1325ae41936e09a2524876e) Importer(815301076,1909f56bfc062723c751e8b465ee728b)
Start importing Assets/textures 1/gltf_embedded_0.png using Guid(97181023d1325ae41936e09a2524876e) Importer(815301076,1909f56bfc062723c751e8b465ee728b)  -> (artifact id: '6f93a0e2f248f195461fb0e4e12208d6') in 0.097129 seconds
Number of updated asset objects reloaded before import = 0
Number of asset objects unloaded after import = 2
========================================================================
Received Import Request.
  Time since last request: 27.508716 seconds.
  path: Assets/textures 1/VoxelRegion_model_0.glb
  artifactKey: Guid(5596762f9ef5f714d9059405204c96fb) Importer(815301076,1909f56bfc062723c751e8b465ee728b)
Start importing Assets/textures 1/VoxelRegion_model_0.glb using Guid(5596762f9ef5f714d9059405204c96fb) Importer(815301076,1909f56bfc062723c751e8b465ee728b)  -> (artifact id: 'd9d9d28e1fd252ac91ab3b5722ee5b07') in 0.000758 seconds
Number of updated asset objects reloaded before import = 0
Number of asset objects unloaded after import = 1
========================================================================
Received Import Request.
  Time since last request: 165.463144 seconds.
  path: Assets/HelicarrierMinecraft.fbx
  artifactKey: Guid(b9d9c04bbd0210c4da98e95551684bc8) Importer(815301076,1909f56bfc062723c751e8b465ee728b)
Start importing Assets/HelicarrierMinecraft.fbx using Guid(b9d9c04bbd0210c4da98e95551684bc8) Importer(815301076,1909f56bfc062723c751e8b465ee728b)  -> (artifact id: '43d838cc66e4c4055779de5f8e7a70ad') in 0.121876 seconds
Number of updated asset objects reloaded before import = 0
Number of asset objects unloaded after import = 57
========================================================================
Received Import Request.
  Time since last request: 37.551036 seconds.
  path: Assets/HelicarrierMinecraft.fbx
  artifactKey: Guid(b9d9c04bbd0210c4da98e95551684bc8) Importer(815301076,1909f56bfc062723c751e8b465ee728b)
Start importing Assets/HelicarrierMinecraft.fbx using Guid(b9d9c04bbd0210c4da98e95551684bc8) Importer(815301076,1909f56bfc062723c751e8b465ee728b)  -> (artifact id: '5649d808ef0e17dc52dc8e99ab7c44a0') in 0.062996 seconds
Number of updated asset objects reloaded before import = 0
Number of asset objects unloaded after import = 59
========================================================================
Received Import Request.
  Time since last request: 8.988799 seconds.
  path: Assets/Helicarrier
  artifactKey: Guid(162e8f533c82c6648b0bba3deb18c110) Importer(815301076,1909f56bfc062723c751e8b465ee728b)
Start importing Assets/Helicarrier using Guid(162e8f533c82c6648b0bba3deb18c110) Importer(815301076,1909f56bfc062723c751e8b465ee728b)  -> (artifact id: '012a05b57d1ef37a7dc36f5d10a599d5') in 0.000567 seconds
Number of updated asset objects reloaded before import = 0
Number of asset objects unloaded after import = 0
========================================================================
Received Import Request.
  Time since last request: 16.772893 seconds.
  path: Assets/Helicarrier/HelicarrierMinecraft.fbx
  artifactKey: Guid(b9d9c04bbd0210c4da98e95551684bc8) Importer(815301076,1909f56bfc062723c751e8b465ee728b)
Start importing Assets/Helicarrier/HelicarrierMinecraft.fbx using Guid(b9d9c04bbd0210c4da98e95551684bc8) Importer(815301076,1909f56bfc062723c751e8b465ee728b)  -> (artifact id: 'c85206e574b6e70b5c6723d6306a59b8') in 0.179547 seconds
Number of updated asset objects reloaded before import = 0
Number of asset objects unloaded after import = 57
Editor requested this worker to shutdown with reason: Scaling down because of idle timeout
TcpMessagingSession - receive error: operation aborted. errorcode: 995, details: The I/O operation has been aborted because of either a thread exit or an application request.
AssetImportWorker is now disconnected from the server
Process exiting
Exiting without the bug reporter. Application will terminate with return code 0