Using pre-set license
Built from '2022.3/staging' branch; Version is '2022.3.11f1 (d00248457e15) revision 13632072'; Using compiler version '192829333'; Build Type 'Release'
OS: 'Windows 11  (10.0.22631) 64bit Enterprise' Language: 'en' Physical Memory: 32486 MB
BatchMode: 1, IsHumanControllingUs: 0, StartBugReporterOnCrash: 0, Is64bit: 1, IsPro: 1

COMMAND LINE ARGUMENTS:
C:\Program Files\Unity\Hub\Editor\2022.3.11f1\Editor\Unity.exe
-adb2
-batchMode
-noUpm
-name
AssetImportWorker3
-projectPath
C:/Users/KadenWinn/Downloads/UnityProjects/unity/lunchable
-logFile
Logs/AssetImportWorker3.log
-srvPort
57183
Successfully changed project path to: C:/Users/KadenWinn/Downloads/UnityProjects/unity/lunchable
C:/Users/KadenWinn/Downloads/UnityProjects/unity/lunchable
[UnityMemory] Configuration Parameters - Can be set up in boot.config
    "memorysetup-bucket-allocator-granularity=16"
    "memorysetup-bucket-allocator-bucket-count=8"
    "memorysetup-bucket-allocator-block-size=33554432"
    "memorysetup-bucket-allocator-block-count=8"
    "memorysetup-main-allocator-block-size=16777216"
    "memorysetup-thread-allocator-block-size=16777216"
    "memorysetup-gfx-main-allocator-block-size=16777216"
    "memorysetup-gfx-thread-allocator-block-size=16777216"
    "memorysetup-cache-allocator-block-size=4194304"
    "memorysetup-typetree-allocator-block-size=2097152"
    "memorysetup-profiler-bucket-allocator-granularity=16"
    "memorysetup-profiler-bucket-allocator-bucket-count=8"
    "memorysetup-profiler-bucket-allocator-block-size=33554432"
    "memorysetup-profiler-bucket-allocator-block-count=8"
    "memorysetup-profiler-allocator-block-size=16777216"
    "memorysetup-profiler-editor-allocator-block-size=1048576"
    "memorysetup-temp-allocator-size-main=16777216"
    "memorysetup-job-temp-allocator-block-size=2097152"
    "memorysetup-job-temp-allocator-block-size-background=1048576"
    "memorysetup-job-temp-allocator-reduction-small-platforms=262144"
    "memorysetup-allocator-temp-initial-block-size-main=262144"
    "memorysetup-allocator-temp-initial-block-size-worker=262144"
    "memorysetup-temp-allocator-size-background-worker=32768"
    "memorysetup-temp-allocator-size-job-worker=262144"
    "memorysetup-temp-allocator-size-preload-manager=33554432"
    "memorysetup-temp-allocator-size-nav-mesh-worker=65536"
    "memorysetup-temp-allocator-size-audio-worker=65536"
    "memorysetup-temp-allocator-size-cloud-worker=32768"
    "memorysetup-temp-allocator-size-gi-baking-worker=262144"
    "memorysetup-temp-allocator-size-gfx=262144"
Player connection [17232] Host "[IP] 10.5.5.18 [Port] 0 [Flags] 2 [Guid] 891027170 [EditorId] 891027170 [Version] 1048832 [Id] WindowsEditor(7,SD-8K9G2Z3) [Debug] 1 [PackageName] WindowsEditor [ProjectName] Editor" joined multi-casting on [225.0.0.222:54997]...

Player connection [17232] Host "[IP] 10.5.5.18 [Port] 0 [Flags] 2 [Guid] 891027170 [EditorId] 891027170 [Version] 1048832 [Id] WindowsEditor(7,SD-8K9G2Z3) [Debug] 1 [PackageName] WindowsEditor [ProjectName] Editor" joined alternative multi-casting on [225.0.0.222:34997]...

[Physics::Module] Initialized MultithreadedJobDispatcher with 23 workers.
Refreshing native plugins compatible for Editor in 5.51 ms, found 3 plugins.
Preloading 0 native plugins for Editor in 0.00 ms.
Initialize engine version: 2022.3.11f1 (d00248457e15)
[Subsystems] Discovering subsystems at path C:/Program Files/Unity/Hub/Editor/2022.3.11f1/Editor/Data/Resources/UnitySubsystems
[Subsystems] Discovering subsystems at path C:/Users/KadenWinn/Downloads/UnityProjects/unity/lunchable/Assets
GfxDevice: creating device client; threaded=0; jobified=0
Direct3D:
    Version:  Direct3D 11.0 [level 11.1]
    Renderer: NVIDIA GeForce RTX 4060 Ti (ID=0x2803)
    Vendor:   NVIDIA
    VRAM:     7949 MB
    Driver:   32.0.15.5612
Initialize mono
Mono path[0] = 'C:/Program Files/Unity/Hub/Editor/2022.3.11f1/Editor/Data/Managed'
Mono path[1] = 'C:/Program Files/Unity/Hub/Editor/2022.3.11f1/Editor/Data/MonoBleedingEdge/lib/mono/unityjit-win32'
Mono config path = 'C:/Program Files/Unity/Hub/Editor/2022.3.11f1/Editor/Data/MonoBleedingEdge/etc'
Using monoOptions --debugger-agent=transport=dt_socket,embedding=1,server=y,suspend=n,address=127.0.0.1:56480
Begin MonoManager ReloadAssembly
Registering precompiled unity dll's ...
Register platform support module: C:/Program Files/Unity/Hub/Editor/2022.3.11f1/Editor/Data/PlaybackEngines/WindowsStandaloneSupport/UnityEditor.WindowsStandalone.Extensions.dll
Registered in 0.003521 seconds.
- Loaded All Assemblies, in  0.191 seconds
Native extension for WindowsStandalone target not found
Mono: successfully reloaded assembly
- Finished resetting the current domain, in  0.135 seconds
Domain Reload Profiling: 326ms
	BeginReloadAssembly (63ms)
		ExecutionOrderSort (0ms)
		DisableScriptedObjects (0ms)
		BackupInstance (0ms)
		ReleaseScriptingObjects (0ms)
		CreateAndSetChildDomain (0ms)
	RebuildCommonClasses (19ms)
	RebuildNativeTypeToScriptingClass (6ms)
	initialDomainReloadingComplete (30ms)
	LoadAllAssembliesAndSetupDomain (72ms)
		LoadAssemblies (62ms)
		RebuildTransferFunctionScriptingTraits (0ms)
		AnalyzeDomain (71ms)
			TypeCache.Refresh (70ms)
				TypeCache.ScanAssembly (63ms)
			ScanForSourceGeneratedMonoScriptInfo (0ms)
			ResolveRequiredComponents (0ms)
	FinalizeReload (136ms)
		ReleaseScriptCaches (0ms)
		RebuildScriptCaches (0ms)
		SetupLoadedEditorAssemblies (104ms)
			LogAssemblyErrors (0ms)
			InitializePlatformSupportModulesInManaged (5ms)
			SetLoadedEditorAssemblies (4ms)
			RefreshPlugins (0ms)
			BeforeProcessingInitializeOnLoad (1ms)
			ProcessInitializeOnLoadAttributes (66ms)
			ProcessInitializeOnLoadMethodAttributes (27ms)
			AfterProcessingInitializeOnLoad (0ms)
			EditorAssembliesLoaded (0ms)
		ExecutionOrderSort2 (0ms)
		AwakeInstancesAfterBackupRestoration (0ms)
========================================================================
Worker process is ready to serve import requests
Begin MonoManager ReloadAssembly
- Loaded All Assemblies, in  0.336 seconds
Refreshing native plugins compatible for Editor in 1.63 ms, found 3 plugins.
Native extension for WindowsStandalone target not found
Package Manager log level set to [2]
[Package Manager] Server::EnsureServerProcessIsRunning -- launch failed, reason: Unity was launched with the -noUpm command-line argument
[Package Manager] UpmClient::Send -- Unable to send message (not connected to UPM process).
[Package Manager] Cannot connect to Unity Package Manager local server
Mono: successfully reloaded assembly
- Finished resetting the current domain, in  0.339 seconds
Domain Reload Profiling: 674ms
	BeginReloadAssembly (82ms)
		ExecutionOrderSort (0ms)
		DisableScriptedObjects (3ms)
		BackupInstance (0ms)
		ReleaseScriptingObjects (0ms)
		CreateAndSetChildDomain (12ms)
	RebuildCommonClasses (18ms)
	RebuildNativeTypeToScriptingClass (6ms)
	initialDomainReloadingComplete (24ms)
	LoadAllAssembliesAndSetupDomain (204ms)
		LoadAssemblies (159ms)
		RebuildTransferFunctionScriptingTraits (0ms)
		AnalyzeDomain (93ms)
			TypeCache.Refresh (83ms)
				TypeCache.ScanAssembly (74ms)
			ScanForSourceGeneratedMonoScriptInfo (7ms)
			ResolveRequiredComponents (2ms)
	FinalizeReload (339ms)
		ReleaseScriptCaches (0ms)
		RebuildScriptCaches (0ms)
		SetupLoadedEditorAssemblies (260ms)
			LogAssemblyErrors (0ms)
			InitializePlatformSupportModulesInManaged (3ms)
			SetLoadedEditorAssemblies (3ms)
			RefreshPlugins (0ms)
			BeforeProcessingInitializeOnLoad (31ms)
			ProcessInitializeOnLoadAttributes (208ms)
			ProcessInitializeOnLoadMethodAttributes (11ms)
			AfterProcessingInitializeOnLoad (3ms)
			EditorAssembliesLoaded (0ms)
		ExecutionOrderSort2 (0ms)
		AwakeInstancesAfterBackupRestoration (4ms)
Launched and connected shader compiler UnityShaderCompiler.exe after 0.13 seconds
Refreshing native plugins compatible for Editor in 1.56 ms, found 3 plugins.
Preloading 0 native plugins for Editor in 0.00 ms.
Unloading 3091 Unused Serialized files (Serialized files now loaded: 0)
Unloading 32 unused Assets / (56.8 KB). Loaded Objects now: 3552.
Memory consumption went from 121.6 MB to 121.5 MB.
Total: 1.960600 ms (FindLiveObjects: 0.120500 ms CreateObjectMapping: 0.045200 ms MarkObjects: 1.734300 ms  DeleteObjects: 0.059800 ms)

AssetImportParameters requested are different than current active one (requested -> active):
  custom:container-demuxer-ogg: 62fdf1f143b41e24485cea50d1cbac27 -> 
  custom:video-codec-MediaFoundation-h265: 746d11721c4dcdbdad8f713fa42b33f4 -> 
  custom:video-decoder-ogg-theora: a1e56fd34408186e4bbccfd4996cb3dc -> 
  custom:framework-win-MediaFoundation: 216162199b28c13a410421893ffa2e32 -> 
  custom:CustomObjectIndexerAttribute: 756ad292c208cfabdd7b50bc23989ffe -> 
  custom:container-demuxer-webm: 4f35f7cbe854078d1ac9338744f61a02 -> 
  custom:container-muxer-webm: aa71ff27fc2769a1b78a27578f13a17b -> 
  custom:video-decoder-webm-vp8: 9c59270c3fd7afecdb556c50c9e8de78 -> 
  custom:SearchIndexIgnoredProperties: e643bd26f0fe6173181afceb89e7c659 -> 
  custom:AudioImporter_EditorPlatform: d09bf68614088b80899f8185d706f6e7 -> 
  custom:video-encoder-webm-vp8: eb34c28f22e8b96e1ab97ce403110664 -> 
  custom:audio-decoder-ogg-vorbis: bf7c407c2cedff20999df2af8eb42d56 -> 
  custom:audio-encoder-webm-vorbis: bf7c407c2cedff20999df2af8eb42d56 -> 
========================================================================
Received Import Request.
  Time since last request: 82873.502964 seconds.
  path: Assets/Materials/lambert2SG1.mat
  artifactKey: Guid(2f7ec3cb309689e4f8a445f2f72efa71) Importer(815301076,1909f56bfc062723c751e8b465ee728b)
Start importing Assets/Materials/lambert2SG1.mat using Guid(2f7ec3cb309689e4f8a445f2f72efa71) Importer(815301076,1909f56bfc062723c751e8b465ee728b)  -> (artifact id: 'bba9b7302c9c9e5f9928ce418febc48f') in 0.059638 seconds
Number of updated asset objects reloaded before import = 0
Number of asset objects unloaded after import = 1
========================================================================
Received Import Request.
  Time since last request: 678.819547 seconds.
  path: Assets/HelicarrierMinecraft-Alpha.png
  artifactKey: Guid(84af9b8e065939c4fbc5e3d1633ea533) Importer(815301076,1909f56bfc062723c751e8b465ee728b)
Start importing Assets/HelicarrierMinecraft-Alpha.png using Guid(84af9b8e065939c4fbc5e3d1633ea533) Importer(815301076,1909f56bfc062723c751e8b465ee728b)  -> (artifact id: 'b5f9154a2a806900fbe0e3f5a1aba50e') in 0.020670 seconds
Number of updated asset objects reloaded before import = 0
Number of asset objects unloaded after import = 2
========================================================================
Received Import Request.
  Time since last request: 0.000019 seconds.
  path: Assets/HelicarrierMinecraft-RGBA.png
  artifactKey: Guid(3f58156ffb8b35143942410625af1d9b) Importer(815301076,1909f56bfc062723c751e8b465ee728b)
Start importing Assets/HelicarrierMinecraft-RGBA.png using Guid(3f58156ffb8b35143942410625af1d9b) Importer(815301076,1909f56bfc062723c751e8b465ee728b)  -> (artifact id: 'abc92ac2580033757d712835c8a7cfd8') in 0.007606 seconds
Number of updated asset objects reloaded before import = 0
Number of asset objects unloaded after import = 2
========================================================================
Received Import Request.
  Time since last request: 0.000114 seconds.
  path: Assets/HelicarrierMinecraft-RGB.png
  artifactKey: Guid(4a1a23c8d52fa7340bf680ccba87db42) Importer(815301076,1909f56bfc062723c751e8b465ee728b)
Start importing Assets/HelicarrierMinecraft-RGB.png using Guid(4a1a23c8d52fa7340bf680ccba87db42) Importer(815301076,1909f56bfc062723c751e8b465ee728b)  -> (artifact id: '3f44041cdc8d54d8b5938364d22d618e') in 0.009597 seconds
Number of updated asset objects reloaded before import = 0
Number of asset objects unloaded after import = 2
========================================================================
Received Import Request.
  Time since last request: 25.800708 seconds.
  path: Assets/Helicarrier/Block_of_Iron.mat
  artifactKey: Guid(6aa69609c75ea044f96005f14903c9da) Importer(815301076,1909f56bfc062723c751e8b465ee728b)
Start importing Assets/Helicarrier/Block_of_Iron.mat using Guid(6aa69609c75ea044f96005f14903c9da) Importer(815301076,1909f56bfc062723c751e8b465ee728b)  -> (artifact id: 'ab8c636623bd54114f27a8376bd81828') in 0.009647 seconds
Number of updated asset objects reloaded before import = 0
Number of asset objects unloaded after import = 1
========================================================================
Received Import Request.
  Time since last request: 0.000737 seconds.
  path: Assets/Helicarrier/Glass.mat
  artifactKey: Guid(d4d0526685c53864f95b1ff607fa1059) Importer(815301076,1909f56bfc062723c751e8b465ee728b)
Start importing Assets/Helicarrier/Glass.mat using Guid(d4d0526685c53864f95b1ff607fa1059) Importer(815301076,1909f56bfc062723c751e8b465ee728b)  -> (artifact id: 'a2b2dc60b8e8053857d162c216518e54') in 0.011799 seconds
Number of updated asset objects reloaded before import = 0
Number of asset objects unloaded after import = 1
========================================================================
Received Import Request.
  Time since last request: 0.000037 seconds.
  path: Assets/Helicarrier/Nether_Brick.mat
  artifactKey: Guid(49e56eef466ba144aa14b63df47ab7da) Importer(815301076,1909f56bfc062723c751e8b465ee728b)
Start importing Assets/Helicarrier/Nether_Brick.mat using Guid(49e56eef466ba144aa14b63df47ab7da) Importer(815301076,1909f56bfc062723c751e8b465ee728b)  -> (artifact id: '14067ead31a06651875b02bdcba00ba1') in 0.025295 seconds
Number of updated asset objects reloaded before import = 0
Number of asset objects unloaded after import = 1
========================================================================
Received Import Request.
  Time since last request: 0.000081 seconds.
  path: Assets/Helicarrier/Stone.mat
  artifactKey: Guid(a97698dfa6d8a5d40bfb94a8f4b7a17c) Importer(815301076,1909f56bfc062723c751e8b465ee728b)
Start importing Assets/Helicarrier/Stone.mat using Guid(a97698dfa6d8a5d40bfb94a8f4b7a17c) Importer(815301076,1909f56bfc062723c751e8b465ee728b)  -> (artifact id: 'c82ec69c71c85b508229af0ed43d4843') in 0.014681 seconds
Number of updated asset objects reloaded before import = 0
Number of asset objects unloaded after import = 1
========================================================================
Received Import Request.
  Time since last request: 0.000090 seconds.
  path: Assets/Helicarrier/Glowstone.mat
  artifactKey: Guid(b1676a042647d044a9dfb4b2be8c70c3) Importer(815301076,1909f56bfc062723c751e8b465ee728b)
Start importing Assets/Helicarrier/Glowstone.mat using Guid(b1676a042647d044a9dfb4b2be8c70c3) Importer(815301076,1909f56bfc062723c751e8b465ee728b)  -> (artifact id: '4d35d8d8903834dcd28a2d96811de9be') in 0.021036 seconds
Number of updated asset objects reloaded before import = 0
Number of asset objects unloaded after import = 1
========================================================================
Received Import Request.
  Time since last request: 0.000094 seconds.
  path: Assets/Helicarrier/Wall_Sign.mat
  artifactKey: Guid(bab16a7a84868384da077b884c07e0b0) Importer(815301076,1909f56bfc062723c751e8b465ee728b)
Start importing Assets/Helicarrier/Wall_Sign.mat using Guid(bab16a7a84868384da077b884c07e0b0) Importer(815301076,1909f56bfc062723c751e8b465ee728b)  -> (artifact id: 'dabff7a53092fa12e23c7fe80159d9c7') in 0.016923 seconds
Number of updated asset objects reloaded before import = 0
Number of asset objects unloaded after import = 1
========================================================================
Received Import Request.
  Time since last request: 0.000059 seconds.
  path: Assets/Helicarrier/Iron_Bars.mat
  artifactKey: Guid(0f8a0f776a8e38941b64644b2296cd05) Importer(815301076,1909f56bfc062723c751e8b465ee728b)
Start importing Assets/Helicarrier/Iron_Bars.mat using Guid(0f8a0f776a8e38941b64644b2296cd05) Importer(815301076,1909f56bfc062723c751e8b465ee728b)  -> (artifact id: '832a9991accb4f86be94f374ff5fcd53') in 0.005001 seconds
Number of updated asset objects reloaded before import = 0
Number of asset objects unloaded after import = 1
========================================================================
Received Import Request.
  Time since last request: 0.000031 seconds.
  path: Assets/Helicarrier/Double_Stone_Slab.mat
  artifactKey: Guid(56296be0aebba324d9a7f476b56039e8) Importer(815301076,1909f56bfc062723c751e8b465ee728b)
Start importing Assets/Helicarrier/Double_Stone_Slab.mat using Guid(56296be0aebba324d9a7f476b56039e8) Importer(815301076,1909f56bfc062723c751e8b465ee728b)  -> (artifact id: '66a24fcb05478949b7c5bab315e898dd') in 0.004097 seconds
Number of updated asset objects reloaded before import = 0
Number of asset objects unloaded after import = 1
Editor requested this worker to shutdown with reason: Scaling down because of idle timeout
TcpMessagingSession - receive error: operation aborted. errorcode: 995, details: The I/O operation has been aborted because of either a thread exit or an application request.
AssetImportWorker is now disconnected from the server
Process exiting
Exiting without the bug reporter. Application will terminate with return code 0